%!Adobe-FontList 1.14
%Locale:0x419

%BeginFont
Handler:DirectoryHandler
FontType:TrueType
FontName:Scriptina-Alternates
FamilyName:Scriptina - Alternates
StyleName:Regular
FullName:Scriptina - Alternates
MenuName:Scriptina - Alternates
StyleBits:0
WritingScript:Roman
OutlineFileName:C:\Users\Aspire V5-531\Desktop\Новая папка\Font\SCRIPALT.ttf
DataFormat:sfntData
FileLength:11652
FileModTime:996959974
WeightClass:400
WidthClass:5
AngleClass:0
%EndFont

%BeginFont
Handler:DirectoryHandler
FontType:TrueType
FontName:Scriptina
FamilyName:Scriptina
StyleName:Regular
FullName:Scriptina
MenuName:Scriptina
StyleBits:0
WritingScript:Roman
OutlineFileName:C:\Users\Aspire V5-531\Desktop\Новая папка\Font\SCRIPTIN.ttf
DataFormat:sfntData
FileLength:82072
FileModTime:1098207532
WeightClass:400
WidthClass:5
AngleClass:0
%EndFont

%BeginFont
Handler:DirectoryHandler
FontType:TrueType
FontName:Alegreya-Black
FamilyName:Alegreya
StyleName:Black
FullName:Alegreya Black
MenuName:Alegreya Black
StyleBits:0
WritingScript:Roman
OutlineFileName:C:\Users\Aspire V5-531\Desktop\Новая папка\Font\alegreya\Alegreya-Black.ttf
DataFormat:sfntData
FileLength:171232
FileModTime:1324238400
WeightClass:900
WidthClass:5
AngleClass:0
%EndFont

%BeginFont
Handler:DirectoryHandler
FontType:TrueType
FontName:Alegreya-BlackItalic
FamilyName:Alegreya
StyleName:Black Italic
FullName:Alegreya Black Italic
MenuName:Alegreya Black
StyleBits:1
WritingScript:Roman
OutlineFileName:C:\Users\Aspire V5-531\Desktop\Новая папка\Font\alegreya\Alegreya-BlackItalic.ttf
DataFormat:sfntData
FileLength:172004
FileModTime:1324238400
WeightClass:900
WidthClass:5
AngleClass:0
%EndFont

%BeginFont
Handler:DirectoryHandler
FontType:TrueType
FontName:Alegreya-Bold
FamilyName:Alegreya
StyleName:Bold
FullName:Alegreya Bold
MenuName:Alegreya
StyleBits:2
WritingScript:Roman
OutlineFileName:C:\Users\Aspire V5-531\Desktop\Новая папка\Font\alegreya\Alegreya-Bold.ttf
DataFormat:sfntData
FileLength:176296
FileModTime:1324238400
WeightClass:700
WidthClass:5
AngleClass:0
%EndFont

%BeginFont
Handler:DirectoryHandler
FontType:TrueType
FontName:Alegreya-BoldItalic
FamilyName:Alegreya
StyleName:Bold Italic
FullName:Alegreya Bold Italic
MenuName:Alegreya
StyleBits:3
WritingScript:Roman
OutlineFileName:C:\Users\Aspire V5-531\Desktop\Новая папка\Font\alegreya\Alegreya-BoldItalic.ttf
DataFormat:sfntData
FileLength:169468
FileModTime:1324238400
WeightClass:700
WidthClass:5
AngleClass:0
%EndFont

%BeginFont
Handler:DirectoryHandler
FontType:TrueType
FontName:Alegreya-Italic
FamilyName:Alegreya
StyleName:Italic
FullName:Alegreya Italic
MenuName:Alegreya
StyleBits:1
WritingScript:Roman
OutlineFileName:C:\Users\Aspire V5-531\Desktop\Новая папка\Font\alegreya\Alegreya-Italic.ttf
DataFormat:sfntData
FileLength:198460
FileModTime:1324238400
WeightClass:400
WidthClass:5
AngleClass:0
%EndFont

%BeginFont
Handler:DirectoryHandler
FontType:TrueType
FontName:Alegreya-Regular
FamilyName:Alegreya
StyleName:Regular
FullName:Alegreya Regular
MenuName:Alegreya
StyleBits:0
WritingScript:Roman
OutlineFileName:C:\Users\Aspire V5-531\Desktop\Новая папка\Font\alegreya\Alegreya-Regular.ttf
DataFormat:sfntData
FileLength:200916
FileModTime:1324238400
WeightClass:400
WidthClass:5
AngleClass:0
%EndFont

